#
# There is insufficient memory for the Java Runtime Environment to continue.
# Native memory allocation (malloc) failed to allocate 1048576 bytes for AllocateHeap
# Possible reasons:
#   The system is out of physical RAM or swap space
#   The process is running with CompressedOops enabled, and the Java Heap may be blocking the growth of the native heap
# Possible solutions:
#   Reduce memory load on the system
#   Increase physical memory or swap space
#   Check if swap backing store is full
#   Decrease Java heap size (-Xmx/-Xms)
#   Decrease number of Java threads
#   Decrease Java thread stack sizes (-Xss)
#   Set larger code cache with -XX:ReservedCodeCacheSize=
#   JVM is running with Unscaled Compressed Oops mode in which the Java heap is
#     placed in the first 4GB address space. The Java Heap base address is the
#     maximum limit for the native heap growth. Please use -XX:HeapBaseMinAddress
#     to set the Java Heap base and to place the Java Heap above 4GB virtual address.
# This output file may be truncated or incomplete.
#
#  Out of Memory Error (memory/allocation.inline.hpp:61), pid=7660, tid=0x00000000000044c4
#
# JRE version:  (8.0_333-b02) (build )
# Java VM: Java HotSpot(TM) 64-Bit Server VM (25.333-b02 mixed mode windows-amd64 compressed oops)
# Failed to write core dump. Minidumps are not enabled by default on client versions of Windows
#

---------------  T H R E A D  ---------------

Current thread (0x000002691b2b0800):  JavaThread "Unknown thread" [_thread_in_vm, id=17604, stack(0x000000d97db00000,0x000000d97dc00000)]

Stack: [0x000000d97db00000,0x000000d97dc00000]
Native frames: (J=compiled Java code, j=interpreted, Vv=VM code, C=native code)
V  [jvm.dll+0x32fc49]
V  [jvm.dll+0x2761a2]
V  [jvm.dll+0x276e4d]
V  [jvm.dll+0x26d7f5]
V  [jvm.dll+0x509d]
V  [jvm.dll+0x3ca62d]
V  [jvm.dll+0x3cb3aa]
V  [jvm.dll+0x3c7337]
V  [jvm.dll+0xfd2ff]
V  [jvm.dll+0x20a8eb]
V  [jvm.dll+0x239417]
V  [jvm.dll+0x162e26]
C  [javaw.exe+0x2322]
C  [javaw.exe+0x16544]
C  [KERNEL32.DLL+0x17034]
C  [ntdll.dll+0x52651]


---------------  P R O C E S S  ---------------

Java Threads: ( => current thread )

Other Threads:

=>0x000002691b2b0800 (exited) JavaThread "Unknown thread" [_thread_in_vm, id=17604, stack(0x000000d97db00000,0x000000d97dc00000)]

VM state:not at safepoint (normal execution)

VM Mutex/Monitor currently owned by a thread: None

heap address: 0x00000000c1e00000, size: 994 MB, Compressed Oops mode: 32-bit
Narrow klass base: 0x0000000000000000, Narrow klass shift: 3
Compressed class space size: 1073741824 Address: 0x0000000100000000

Heap:
 PSYoungGen      total 18944K, used 327K [0x00000000eb500000, 0x00000000eca00000, 0x0000000100000000)
  eden space 16384K, 2% used [0x00000000eb500000,0x00000000eb551ec8,0x00000000ec500000)
  from space 2560K, 0% used [0x00000000ec780000,0x00000000ec780000,0x00000000eca00000)
  to   space 2560K, 0% used [0x00000000ec500000,0x00000000ec500000,0x00000000ec780000)
 ParOldGen       total 44032K, used 0K [0x00000000c1e00000, 0x00000000c4900000, 0x00000000eb500000)
  object space 44032K, 0% used [0x00000000c1e00000,0x00000000c1e00000,0x00000000c4900000)
 Metaspace       used 778K, capacity 4480K, committed 4480K, reserved 1056768K
  class space    used 76K, capacity 384K, committed 384K, reserved 1048576K

Card table byte_map: [0x000002692c090000,0x000002692c290000] byte_map_base: 0x000002692ba81000

Marking Bits: (ParMarkBitMap*) 0x000000006b409030
 Begin Bits: [0x000002692c3e0000, 0x000002692d368000)
 End Bits:   [0x000002692d368000, 0x000002692e2f0000)

Polling page: 0x000002691cca0000

CodeCache: size=245760Kb used=329Kb max_used=329Kb free=245430Kb
 bounds [0x000002691ccd0000, 0x000002691cf40000, 0x000002692bcd0000]
 total_blobs=58 nmethods=0 adapters=38
 compilation: enabled

Compilation events (0 events):
No events

GC Heap History (0 events):
No events

Deoptimization events (0 events):
No events

Classes redefined (0 events):
No events

Internal exceptions (0 events):
No events

Events (10 events):
Event: 0.041 loading class java/lang/Short
Event: 0.041 loading class java/lang/Short done
Event: 0.042 loading class java/lang/Integer
Event: 0.042 loading class java/lang/Integer done
Event: 0.042 loading class java/lang/Long
Event: 0.042 loading class java/lang/Long done
Event: 0.043 loading class java/lang/NullPointerException
Event: 0.043 loading class java/lang/NullPointerException done
Event: 0.043 loading class java/lang/ArithmeticException
Event: 0.043 loading class java/lang/ArithmeticException done


Dynamic libraries:
0x00007ff62e6b0000 - 0x00007ff62e6f7000 	C:\Program Files\Java\jdk1.8.0_333\bin\javaw.exe
0x00007fffda210000 - 0x00007fffda408000 	C:\WINDOWS\SYSTEM32\ntdll.dll
0x00007fffd82d0000 - 0x00007fffd838d000 	C:\WINDOWS\System32\KERNEL32.DLL
0x00007fffd7c70000 - 0x00007fffd7f3e000 	C:\WINDOWS\System32\KERNELBASE.dll
0x00007fffd9ce0000 - 0x00007fffd9d8e000 	C:\WINDOWS\System32\ADVAPI32.dll
0x00007fffd85c0000 - 0x00007fffd865e000 	C:\WINDOWS\System32\msvcrt.dll
0x00007fffd8b00000 - 0x00007fffd8b9c000 	C:\WINDOWS\System32\sechost.dll
0x00007fffd89d0000 - 0x00007fffd8af5000 	C:\WINDOWS\System32\RPCRT4.dll
0x00007fffd8810000 - 0x00007fffd89b0000 	C:\WINDOWS\System32\USER32.dll
0x00007fffd79c0000 - 0x00007fffd79e2000 	C:\WINDOWS\System32\win32u.dll
0x00007fffd9ca0000 - 0x00007fffd9cca000 	C:\WINDOWS\System32\GDI32.dll
0x00007fffd7b60000 - 0x00007fffd7c6b000 	C:\WINDOWS\System32\gdi32full.dll
0x00007fffd7f40000 - 0x00007fffd7fdd000 	C:\WINDOWS\System32\msvcp_win.dll
0x00007fffd79f0000 - 0x00007fffd7af0000 	C:\WINDOWS\System32\ucrtbase.dll
0x00007fffb8d70000 - 0x00007fffb900a000 	C:\WINDOWS\WinSxS\amd64_microsoft.windows.common-controls_6595b64144ccf1df_6.0.19041.1110_none_60b5254171f9507e\COMCTL32.dll
0x00007fffd9c10000 - 0x00007fffd9c40000 	C:\WINDOWS\System32\IMM32.DLL
0x00007fffb17b0000 - 0x00007fffb17c5000 	C:\Program Files\Java\jdk1.8.0_333\jre\bin\vcruntime140.dll
0x00007fff8e9e0000 - 0x00007fff8ea7b000 	C:\Program Files\Java\jdk1.8.0_333\jre\bin\msvcp140.dll
0x000000006ac20000 - 0x000000006b481000 	C:\Program Files\Java\jdk1.8.0_333\jre\bin\server\jvm.dll
0x00007fffd8390000 - 0x00007fffd8398000 	C:\WINDOWS\System32\PSAPI.DLL
0x00007fffcfe80000 - 0x00007fffcfe8a000 	C:\WINDOWS\SYSTEM32\VERSION.dll
0x00007fffbe450000 - 0x00007fffbe477000 	C:\WINDOWS\SYSTEM32\WINMM.dll
0x00007fffd4d30000 - 0x00007fffd4d39000 	C:\WINDOWS\SYSTEM32\WSOCK32.dll
0x00007fffd9120000 - 0x00007fffd918b000 	C:\WINDOWS\System32\WS2_32.dll
0x00007fffd61d0000 - 0x00007fffd61e2000 	C:\WINDOWS\SYSTEM32\kernel.appcore.dll
0x00007fffb1fb0000 - 0x00007fffb1fc0000 	C:\Program Files\Java\jdk1.8.0_333\jre\bin\verify.dll
0x00007fff9b8e0000 - 0x00007fff9b90b000 	C:\Program Files\Java\jdk1.8.0_333\jre\bin\java.dll
0x00007fffa2540000 - 0x00007fffa2558000 	C:\Program Files\Java\jdk1.8.0_333\jre\bin\zip.dll
0x00007fffd5ea0000 - 0x00007fffd6084000 	C:\WINDOWS\SYSTEM32\dbghelp.dll
0x00007fffd7930000 - 0x00007fffd79b2000 	C:\WINDOWS\System32\bcryptPrimitives.dll

VM Arguments:
jvm_args: -Dfile.encoding=UTF-8 
java_command: assignment.Secondlarge
java_class_path (initial): D:\PRADIP\AdJava\assignment\bin
Launcher Type: SUN_STANDARD

Environment Variables:
JAVA_HOME=C:\Program Files\Java\jdk-15.0.2
PATH=C:/Users/hp/.p2/pool/plugins/org.eclipse.justj.openjdk.hotspot.jre.full.win32.x86_64_18.0.1.v20220515-1614/jre/bin/server;C:/Users/hp/.p2/pool/plugins/org.eclipse.justj.openjdk.hotspot.jre.full.win32.x86_64_18.0.1.v20220515-1614/jre/bin;C:\Program Files (x86)\Common Files\Oracle\Java\javapath;C:\WINDOWS\system32;C:\WINDOWS;C:\WINDOWS\System32\Wbem;C:\WINDOWS\System32\WindowsPowerShell\v1.0\;C:\WINDOWS\System32\OpenSSH\;C:\Program Files (x86)\Microsoft SQL Server\100\Tools\Binn\;C:\Program Files\Microsoft SQL Server\100\Tools\Binn\;C:\Program Files\Microsoft SQL Server\100\DTS\Binn\;C:\Program Files\nodejs\;C:\Program Files\Java\jdk1.8.0_333\bin;C:\Program Files\Git\cmd;C:\Program Files\MySQL\MySQL Shell 8.0\bin\;C:\Users\hp\anaconda3;C:\Users\hp\anaconda3\Library\mingw-w64\bin;C:\Users\hp\anaconda3\Library\usr\bin;C:\Users\hp\anaconda3\Library\bin;C:\Users\hp\anaconda3\Scripts;C:\Users\hp\AppData\Local\Microsoft\WindowsApps;C:\Users\hp\AppData\Local\Programs\Microsoft VS Code\bin;C:\Users\hp\AppData\Local\atom\bin;C:\Users\hp\AppData\Roaming\npm;C:\Users\hp\OneDrive\Desktop;
USERNAME=hp
OS=Windows_NT
PROCESSOR_IDENTIFIER=Intel64 Family 6 Model 142 Stepping 12, GenuineIntel



---------------  S Y S T E M  ---------------

OS: Windows 10 , 64 bit Build 19041 (10.0.19041.1889)

CPU:total 8 (initial active 8) (4 cores per cpu, 2 threads per core) family 6 model 142 stepping 12, cmov, cx8, fxsr, mmx, sse, sse2, sse3, ssse3, sse4.1, sse4.2, popcnt, avx, avx2, aes, clmul, erms, 3dnowpref, lzcnt, ht, tsc, tscinvbit, bmi1, bmi2, adx

Memory: 4k page, physical 4069684k(154348k free), swap 16652596k(3792k free)

vm_info: Java HotSpot(TM) 64-Bit Server VM (25.333-b02) for windows-amd64 JRE (1.8.0_333-b02), built on Apr 25 2022 22:49:11 by "java_re" with MS VC++ 15.9 (VS2017)

time: Sat Sep  3 10:18:56 2022
timezone: India Standard Time
elapsed time: 0.099747 seconds (0d 0h 0m 0s)

